============================================================
EMINEON ATS - E2E TEST EXECUTION
============================================================
API Base URL: http://localhost:3000/api
Started at: 2025-09-21T10:19:22.504Z


ğŸ§ª Running: API Health Check
  âœ“ Database response time: 109ms
  âœ“ Services: {"database":"ok","openai":"ok","algolia":"missing config"}
âœ… PASSED: API Health Check

ğŸ§ª Running: Create Candidate
  âœ“ Created candidate ID: 648eb313-2e34-4ed4-a641-94c2199c3498
âœ… PASSED: Create Candidate

ğŸ§ª Running: Vector Search for Python Developer
  âœ“ Found 10 candidates
  âœ“ Search type: vector
  âœ“ Top result: Test Developer (score: 0.47445324215572393)
âœ… PASSED: Vector Search for Python Developer

ğŸ§ª Running: Create Job
  âœ“ Created job ID: 8c82bc27-cd5a-4b30-a027-de38588353fb
âœ… PASSED: Create Job

ğŸ§ª Running: Add Candidate to Job Pipeline
âŒ FAILED: Add Candidate to Job Pipeline
   Error: invalid json response body at http://localhost:3000/api/jobs/8c82bc27-cd5a-4b30-a027-de38588353fb/candidates reason: Unexpected token '<', ..."          <pre>missi"... is not valid JSON

ğŸ§ª Running: CV Upload and Parse
  âœ“ CV parsed successfully
  âœ“ Extracted name: Jane E2E Developer
âœ… PASSED: CV Upload and Parse

ğŸ§ª Running: Search Performance Test
  âœ“ "Python backend developer": 403ms (10 results)
  âœ“ "React frontend engineer": 254ms (10 results)
  âœ“ "Full stack JavaScript": 227ms (10 results)
  âœ“ "Machine learning": 232ms (10 results)
  âœ“ "DevOps Kubernetes": 280ms (10 results)
  âœ“ Average search time: 279ms
âœ… PASSED: Search Performance Test

ğŸ§ª Running: Data Persistence
âŒ FAILED: Data Persistence
   Error: invalid json response body at http://localhost:3000/api/candidates/fe086a5e-f45c-4ac0-b022-5d0348cb9077 reason: Unexpected token '<', ..."          <pre>missi"... is not valid JSON

ğŸ§ª Running: Job Management Workflow
  âœ“ Found 0 published jobs
âŒ FAILED: Job Management Workflow
   Error: invalid json response body at http://localhost:3000/api/jobs/8c82bc27-cd5a-4b30-a027-de38588353fb reason: Unexpected token '<', ..."          <pre>missi"... is not valid JSON

ğŸ§ª Running: UI Access Test
  âœ“ UI accessible without authentication
âœ… PASSED: UI Access Test

============================================================
E2E TEST SUMMARY
============================================================
Total Tests: 10
âœ… Passed: 7
âŒ Failed: 3
Success Rate: 70.0%

Detailed Results:
  âœ… PASSED API Health Check
  âœ… PASSED Create Candidate
  âœ… PASSED Vector Search for Python Developer
  âœ… PASSED Create Job
  âŒ FAILED Add Candidate to Job Pipeline
      Error: invalid json response body at http://localhost:3000/api/jobs/8c82bc27-cd5a-4b30-a027-de38588353fb/candidates reason: Unexpected token '<', ..."          <pre>missi"... is not valid JSON
  âœ… PASSED CV Upload and Parse
  âœ… PASSED Search Performance Test
  âŒ FAILED Data Persistence
      Error: invalid json response body at http://localhost:3000/api/candidates/fe086a5e-f45c-4ac0-b022-5d0348cb9077 reason: Unexpected token '<', ..."          <pre>missi"... is not valid JSON
  âŒ FAILED Job Management Workflow
      Error: invalid json response body at http://localhost:3000/api/jobs/8c82bc27-cd5a-4b30-a027-de38588353fb reason: Unexpected token '<', ..."          <pre>missi"... is not valid JSON
  âœ… PASSED UI Access Test

============================================================
Completed at: 2025-09-21T10:19:31.959Z
============================================================
